{"contracts/BasicNFT.sol":{"l":{"13":3,"17":4,"18":4,"20":4,"24":0,"30":0},"path":"/home/yashu/Desktop/NFTMarket/contracts/BasicNFT.sol","s":{"1":3,"2":4,"3":4,"4":4,"5":0,"6":0},"b":{},"f":{"1":3,"2":4,"3":0,"4":0},"fnMap":{"1":{"name":"constructor","line":12,"loc":{"start":{"line":12,"column":4},"end":{"line":14,"column":4}}},"2":{"name":"mintNFT","line":16,"loc":{"start":{"line":16,"column":4},"end":{"line":21,"column":4}}},"3":{"name":"getTokenCounter","line":23,"loc":{"start":{"line":23,"column":4},"end":{"line":25,"column":4}}},"4":{"name":"tokenURI","line":27,"loc":{"start":{"line":27,"column":4},"end":{"line":31,"column":4}}}},"statementMap":{"1":{"start":{"line":13,"column":8},"end":{"line":13,"column":23}},"2":{"start":{"line":17,"column":8},"end":{"line":17,"column":42}},"3":{"start":{"line":18,"column":8},"end":{"line":18,"column":24}},"4":{"start":{"line":20,"column":8},"end":{"line":20,"column":27}},"5":{"start":{"line":24,"column":8},"end":{"line":24,"column":27}},"6":{"start":{"line":30,"column":8},"end":{"line":30,"column":24}}},"branchMap":{}},"contracts/NFTMarketPlace.sol":{"l":{"54":4,"55":4,"56":0,"59":4,"67":6,"68":6,"69":0,"72":6,"76":4,"77":4,"78":0,"81":4,"93":4,"94":0,"98":4,"99":4,"100":0,"103":4,"104":4,"114":2,"115":2,"116":0,"119":2,"120":2,"122":2,"123":2,"125":2,"135":1,"137":1,"151":1,"153":1,"159":1,"161":1,"162":0,"165":1,"167":1,"168":1,"169":0,"178":3,"182":1},"path":"/home/yashu/Desktop/NFTMarket/contracts/NFTMarketPlace.sol","s":{"1":4,"2":4,"3":6,"4":6,"5":4,"6":4,"7":4,"8":4,"9":4,"10":4,"11":4,"12":2,"13":2,"14":2,"15":2,"16":2,"17":2,"18":1,"19":1,"20":1,"21":1,"22":1,"23":1,"24":1,"25":1,"26":3,"27":1},"b":{"1":[0,4],"2":[0,6],"3":[0,4],"4":[0,4],"5":[0,4],"6":[0,2],"7":[0,1],"8":[0,1]},"f":{"1":4,"2":6,"3":4,"4":4,"5":2,"6":1,"7":1,"8":1,"9":3,"10":1},"fnMap":{"1":{"name":"NotListed","line":49,"loc":{"start":{"line":49,"column":4},"end":{"line":60,"column":4}}},"2":{"name":"isOwner","line":62,"loc":{"start":{"line":62,"column":4},"end":{"line":73,"column":4}}},"3":{"name":"isListed","line":75,"loc":{"start":{"line":75,"column":4},"end":{"line":82,"column":4}}},"4":{"name":"listItem","line":91,"loc":{"start":{"line":84,"column":4},"end":{"line":105,"column":4}}},"5":{"name":"buyNFT","line":112,"loc":{"start":{"line":109,"column":4},"end":{"line":126,"column":4}}},"6":{"name":"cancelListing","line":133,"loc":{"start":{"line":130,"column":4},"end":{"line":138,"column":4}}},"7":{"name":"updateListing","line":149,"loc":{"start":{"line":142,"column":4},"end":{"line":154,"column":4}}},"8":{"name":"withdraw","line":158,"loc":{"start":{"line":158,"column":4},"end":{"line":171,"column":4}}},"9":{"name":"getListing","line":173,"loc":{"start":{"line":173,"column":4},"end":{"line":179,"column":4}}},"10":{"name":"getProceeds","line":181,"loc":{"start":{"line":181,"column":4},"end":{"line":183,"column":4}}}},"statementMap":{"1":{"start":{"line":54,"column":8},"end":{"line":54,"column":59}},"2":{"start":{"line":55,"column":8},"end":{"line":55,"column":1451}},"3":{"start":{"line":67,"column":8},"end":{"line":67,"column":41}},"4":{"start":{"line":68,"column":8},"end":{"line":68,"column":1731}},"5":{"start":{"line":76,"column":8},"end":{"line":76,"column":57}},"6":{"start":{"line":77,"column":8},"end":{"line":77,"column":1974}},"7":{"start":{"line":93,"column":8},"end":{"line":93,"column":2326}},"8":{"start":{"line":98,"column":8},"end":{"line":98,"column":41}},"9":{"start":{"line":99,"column":8},"end":{"line":99,"column":2539}},"10":{"start":{"line":103,"column":8},"end":{"line":103,"column":65}},"11":{"start":{"line":104,"column":8},"end":{"line":104,"column":76}},"12":{"start":{"line":114,"column":8},"end":{"line":114,"column":59}},"13":{"start":{"line":115,"column":8},"end":{"line":115,"column":3065}},"14":{"start":{"line":119,"column":8},"end":{"line":119,"column":45}},"15":{"start":{"line":122,"column":8},"end":{"line":122,"column":41}},"16":{"start":{"line":123,"column":8},"end":{"line":123,"column":61}},"17":{"start":{"line":125,"column":8},"end":{"line":125,"column":68}},"18":{"start":{"line":137,"column":8},"end":{"line":137,"column":59}},"19":{"start":{"line":151,"column":8},"end":{"line":151,"column":53}},"20":{"start":{"line":153,"column":8},"end":{"line":153,"column":70}},"21":{"start":{"line":159,"column":8},"end":{"line":159,"column":51}},"22":{"start":{"line":161,"column":8},"end":{"line":161,"column":4313}},"23":{"start":{"line":165,"column":8},"end":{"line":165,"column":35}},"24":{"start":{"line":167,"column":8},"end":{"line":167,"column":69}},"25":{"start":{"line":168,"column":8},"end":{"line":168,"column":4512}},"26":{"start":{"line":178,"column":8},"end":{"line":178,"column":44}},"27":{"start":{"line":182,"column":8},"end":{"line":182,"column":35}}},"branchMap":{"1":{"line":55,"type":"if","locations":[{"start":{"line":55,"column":8},"end":{"line":55,"column":8}},{"start":{"line":55,"column":8},"end":{"line":55,"column":8}}]},"2":{"line":68,"type":"if","locations":[{"start":{"line":68,"column":8},"end":{"line":68,"column":8}},{"start":{"line":68,"column":8},"end":{"line":68,"column":8}}]},"3":{"line":77,"type":"if","locations":[{"start":{"line":77,"column":8},"end":{"line":77,"column":8}},{"start":{"line":77,"column":8},"end":{"line":77,"column":8}}]},"4":{"line":93,"type":"if","locations":[{"start":{"line":93,"column":8},"end":{"line":93,"column":8}},{"start":{"line":93,"column":8},"end":{"line":93,"column":8}}]},"5":{"line":99,"type":"if","locations":[{"start":{"line":99,"column":8},"end":{"line":99,"column":8}},{"start":{"line":99,"column":8},"end":{"line":99,"column":8}}]},"6":{"line":115,"type":"if","locations":[{"start":{"line":115,"column":8},"end":{"line":115,"column":8}},{"start":{"line":115,"column":8},"end":{"line":115,"column":8}}]},"7":{"line":161,"type":"if","locations":[{"start":{"line":161,"column":8},"end":{"line":161,"column":8}},{"start":{"line":161,"column":8},"end":{"line":161,"column":8}}]},"8":{"line":168,"type":"if","locations":[{"start":{"line":168,"column":8},"end":{"line":168,"column":8}},{"start":{"line":168,"column":8},"end":{"line":168,"column":8}}]}}}}