TN:
SF:/home/yashu/Desktop/NFTMarket/contracts/BasicNFT.sol
FN:12,constructor
FN:16,mintNFT
FN:23,getTokenCounter
FN:27,tokenURI
FNF:4
FNH:2
FNDA:3,constructor
FNDA:4,mintNFT
FNDA:0,getTokenCounter
FNDA:0,tokenURI
DA:13,3
DA:17,4
DA:18,4
DA:20,4
DA:24,0
DA:30,0
LF:6
LH:4
BRF:0
BRH:0
end_of_record
TN:
SF:/home/yashu/Desktop/NFTMarket/contracts/NFTMarketPlace.sol
FN:49,NotListed
FN:62,isOwner
FN:75,isListed
FN:91,listItem
FN:112,buyNFT
FN:133,cancelListing
FN:149,updateListing
FN:158,withdraw
FN:173,getListing
FN:181,getProceeds
FNF:10
FNH:10
FNDA:4,NotListed
FNDA:6,isOwner
FNDA:4,isListed
FNDA:4,listItem
FNDA:2,buyNFT
FNDA:1,cancelListing
FNDA:1,updateListing
FNDA:1,withdraw
FNDA:3,getListing
FNDA:1,getProceeds
DA:54,4
DA:55,4
DA:56,0
DA:59,4
DA:67,6
DA:68,6
DA:69,0
DA:72,6
DA:76,4
DA:77,4
DA:78,0
DA:81,4
DA:93,4
DA:94,0
DA:98,4
DA:99,4
DA:100,0
DA:103,4
DA:104,4
DA:114,2
DA:115,2
DA:116,0
DA:119,2
DA:120,2
DA:122,2
DA:123,2
DA:125,2
DA:135,1
DA:137,1
DA:151,1
DA:153,1
DA:159,1
DA:161,1
DA:162,0
DA:165,1
DA:167,1
DA:168,1
DA:169,0
DA:178,3
DA:182,1
LF:40
LH:32
BRDA:55,1,0,0
BRDA:55,1,1,4
BRDA:68,2,0,0
BRDA:68,2,1,6
BRDA:77,3,0,0
BRDA:77,3,1,4
BRDA:93,4,0,0
BRDA:93,4,1,4
BRDA:99,5,0,0
BRDA:99,5,1,4
BRDA:115,6,0,0
BRDA:115,6,1,2
BRDA:161,7,0,0
BRDA:161,7,1,1
BRDA:168,8,0,0
BRDA:168,8,1,1
BRF:16
BRH:8
end_of_record
